<?xml version="1.0" encoding="UTF-8"?>
<testsuite name="com.circleguard.promotion.controller.HealthStatusControllerTest" tests="4" skipped="0" failures="0" errors="0" timestamp="2026-05-15T03:54:26.128Z" hostname="JOSHY" time="0.354">
  <properties/>
  <testcase name="resolve_WithoutPermission_Returns403()" classname="com.circleguard.promotion.controller.HealthStatusControllerTest" time="0.26"/>
  <testcase name="resolve_WithPermission_CallsResolveStatus()" classname="com.circleguard.promotion.controller.HealthStatusControllerTest" time="0.072"/>
  <testcase name="confirmPositive_WithPermission_CallsUpdateStatus()" classname="com.circleguard.promotion.controller.HealthStatusControllerTest" time="0.009"/>
  <testcase name="resolve_Unauthenticated_Returns403()" classname="com.circleguard.promotion.controller.HealthStatusControllerTest" time="0.007"/>
  <system-out><![CDATA[22:54:20.550 [Test worker] INFO org.springframework.test.context.support.AnnotationConfigContextLoaderUtils -- Could not detect default configuration classes for test class [com.circleguard.promotion.controller.HealthStatusControllerTest]: HealthStatusControllerTest does not declare any static, non-private, non-final, nested classes annotated with @Configuration.
22:54:20.734 [Test worker] INFO org.springframework.boot.test.context.SpringBootTestContextBootstrapper -- Found @SpringBootConfiguration com.circleguard.promotion.PromotionApplication for test class com.circleguard.promotion.controller.HealthStatusControllerTest

  .   ____          _            __ _ _
 /\\ / ___'_ __ _ _(_)_ __  __ _ \ \ \ \
( ( )\___ | '_ | '_| | '_ \/ _` | \ \ \ \
 \\/  ___)| |_)| | | | | || (_| |  ) ) ) )
  '  |____| .__|_| |_|_| |_\__, | / / / /
 =========|_|==============|___/=/_/_/_/
 :: Spring Boot ::                (v3.2.4)

2026-05-14T22:54:21.282-05:00  INFO 15364 --- [circleguard-promotion-service] [    Test worker] c.c.p.c.HealthStatusControllerTest       : Starting HealthStatusControllerTest using Java 17.0.18 with PID 15364 (started by river in C:\Users\river\Desktop\circle-guard-public\services\circleguard-promotion-service)
2026-05-14T22:54:21.283-05:00  INFO 15364 --- [circleguard-promotion-service] [    Test worker] c.c.p.c.HealthStatusControllerTest       : No active profile set, falling back to 1 default profile: "default"
2026-05-14T22:54:24.527-05:00  WARN 15364 --- [circleguard-promotion-service] [    Test worker] .s.s.UserDetailsServiceAutoConfiguration : 

Using generated security password: f490a68d-98ee-471b-b4a8-634518b07e8c

This generated password is for development use only. Your security configuration must be updated before running your application in production.

2026-05-14T22:54:25.498-05:00  INFO 15364 --- [circleguard-promotion-service] [    Test worker] o.s.s.web.DefaultSecurityFilterChain     : Will secure any request with [org.springframework.security.web.session.DisableEncodeUrlFilter@4213bc3e, org.springframework.security.web.context.request.async.WebAsyncManagerIntegrationFilter@6aaa678d, org.springframework.security.web.context.SecurityContextHolderFilter@591e5fd4, org.springframework.security.web.header.HeaderWriterFilter@23a78c77, org.springframework.web.filter.CorsFilter@25dcf1b6, org.springframework.security.web.authentication.logout.LogoutFilter@356f20b7, com.circleguard.promotion.security.JwtAuthenticationFilter@559fd5ec, org.springframework.security.web.savedrequest.RequestCacheAwareFilter@2248d140, org.springframework.security.web.servletapi.SecurityContextHolderAwareRequestFilter@37b238da, org.springframework.security.web.authentication.AnonymousAuthenticationFilter@113d0f75, org.springframework.security.web.session.SessionManagementFilter@749ad37c, org.springframework.security.web.access.ExceptionTranslationFilter@30e2016a, org.springframework.security.web.access.intercept.AuthorizationFilter@2ac05a33]
2026-05-14T22:54:26.066-05:00  INFO 15364 --- [circleguard-promotion-service] [    Test worker] o.s.b.t.m.w.SpringBootMockServletContext : Initializing Spring TestDispatcherServlet ''
2026-05-14T22:54:26.066-05:00  INFO 15364 --- [circleguard-promotion-service] [    Test worker] o.s.t.web.servlet.TestDispatcherServlet  : Initializing Servlet ''
2026-05-14T22:54:26.070-05:00  INFO 15364 --- [circleguard-promotion-service] [    Test worker] o.s.t.web.servlet.TestDispatcherServlet  : Completed initialization in 3 ms
2026-05-14T22:54:26.114-05:00  INFO 15364 --- [circleguard-promotion-service] [    Test worker] c.c.p.c.HealthStatusControllerTest       : Started HealthStatusControllerTest in 5.272 seconds (process running for 6.889)
]]></system-out>
  <system-err><![CDATA[]]></system-err>
</testsuite>
