<?xml version="1.0" encoding="UTF-8"?>
<testsuite name="com.circleguard.dashboard.controller.AnalyticsControllerTest" tests="2" skipped="0" failures="0" errors="0" timestamp="2026-05-15T03:53:02.448Z" hostname="JOSHY" time="0.253">
  <properties/>
  <testcase name="shouldReturnTrendsForLocation()" classname="com.circleguard.dashboard.controller.AnalyticsControllerTest" time="0.244"/>
  <testcase name="shouldReturnHealthBoardStats()" classname="com.circleguard.dashboard.controller.AnalyticsControllerTest" time="0.007"/>
  <system-out><![CDATA[22:52:58.990 [Test worker] INFO org.springframework.test.context.support.AnnotationConfigContextLoaderUtils -- Could not detect default configuration classes for test class [com.circleguard.dashboard.controller.AnalyticsControllerTest]: AnalyticsControllerTest does not declare any static, non-private, non-final, nested classes annotated with @Configuration.
22:52:59.264 [Test worker] INFO org.springframework.boot.test.context.SpringBootTestContextBootstrapper -- Found @SpringBootConfiguration com.circleguard.dashboard.DashboardApplication for test class com.circleguard.dashboard.controller.AnalyticsControllerTest

  .   ____          _            __ _ _
 /\\ / ___'_ __ _ _(_)_ __  __ _ \ \ \ \
( ( )\___ | '_ | '_| | '_ \/ _` | \ \ \ \
 \\/  ___)| |_)| | | | | || (_| |  ) ) ) )
  '  |____| .__|_| |_|_| |_\__, | / / / /
 =========|_|==============|___/=/_/_/_/
 :: Spring Boot ::                (v3.2.4)

2026-05-14T22:53:00.048-05:00  INFO 27480 --- [circleguard-dashboard-service] [    Test worker] c.c.d.c.AnalyticsControllerTest          : Starting AnalyticsControllerTest using Java 17.0.18 with PID 27480 (started by river in C:\Users\river\Desktop\circle-guard-public\services\circleguard-dashboard-service)
2026-05-14T22:53:00.051-05:00  INFO 27480 --- [circleguard-dashboard-service] [    Test worker] c.c.d.c.AnalyticsControllerTest          : No active profile set, falling back to 1 default profile: "default"
2026-05-14T22:53:02.387-05:00  INFO 27480 --- [circleguard-dashboard-service] [    Test worker] o.s.b.t.m.w.SpringBootMockServletContext : Initializing Spring TestDispatcherServlet ''
2026-05-14T22:53:02.387-05:00  INFO 27480 --- [circleguard-dashboard-service] [    Test worker] o.s.t.web.servlet.TestDispatcherServlet  : Initializing Servlet ''
2026-05-14T22:53:02.391-05:00  INFO 27480 --- [circleguard-dashboard-service] [    Test worker] o.s.t.web.servlet.TestDispatcherServlet  : Completed initialization in 3 ms
2026-05-14T22:53:02.431-05:00  INFO 27480 --- [circleguard-dashboard-service] [    Test worker] c.c.d.c.AnalyticsControllerTest          : Started AnalyticsControllerTest in 2.973 seconds (process running for 4.732)
]]></system-out>
  <system-err><![CDATA[]]></system-err>
</testsuite>
