<?xml version="1.0" encoding="UTF-8"?>
<testsuite name="com.circleguard.gateway.service.QrValidationServiceTest" tests="2" skipped="0" failures="0" errors="0" timestamp="2026-05-15T03:53:32.585Z" hostname="JOSHY" time="0.364">
  <properties/>
  <testcase name="shouldDenyAccessForConfirmedUser()" classname="com.circleguard.gateway.service.QrValidationServiceTest" time="0.356"/>
  <testcase name="shouldValidateCorrectTokenAndAllowAccess()" classname="com.circleguard.gateway.service.QrValidationServiceTest" time="0.007"/>
  <system-out><![CDATA[Checking status for f7ca9880-3128-4388-b55c-c4db8541342c: CONFIRMED
Checking status for 27c7f21a-63a6-4c4b-8645-fa79f7d7f70c: ACTIVE
]]></system-out>
  <system-err><![CDATA[]]></system-err>
</testsuite>
