<?xml version="1.0" encoding="UTF-8"?>
<testsuite name="com.circleguard.auth.controller.LoginControllerTest" tests="1" skipped="0" failures="0" errors="0" timestamp="2026-05-15T03:52:51.360Z" hostname="JOSHY" time="0.303">
  <properties/>
  <testcase name="shouldLoginSuccessfullyAndReturnAnonymizedToken()" classname="com.circleguard.auth.controller.LoginControllerTest" time="0.303"/>
  <system-out><![CDATA[22:52:46.752 [Test worker] INFO org.springframework.test.context.support.AnnotationConfigContextLoaderUtils -- Could not detect default configuration classes for test class [com.circleguard.auth.controller.LoginControllerTest]: LoginControllerTest does not declare any static, non-private, non-final, nested classes annotated with @Configuration.
22:52:46.930 [Test worker] INFO org.springframework.boot.test.context.SpringBootTestContextBootstrapper -- Found @SpringBootConfiguration com.circleguard.auth.AuthServiceApplication for test class com.circleguard.auth.controller.LoginControllerTest

  .   ____          _            __ _ _
 /\\ / ___'_ __ _ _(_)_ __  __ _ \ \ \ \
( ( )\___ | '_ | '_| | '_ \/ _` | \ \ \ \
 \\/  ___)| |_)| | | | | || (_| |  ) ) ) )
  '  |____| .__|_| |_|_| |_\__, | / / / /
 =========|_|==============|___/=/_/_/_/
 :: Spring Boot ::                (v3.2.4)

2026-05-14T22:52:47.501-05:00  INFO 26032 --- [    Test worker] c.c.auth.controller.LoginControllerTest  : Starting LoginControllerTest using Java 17.0.18 with PID 26032 (started by river in C:\Users\river\Desktop\circle-guard-public\services\circleguard-auth-service)
2026-05-14T22:52:47.505-05:00  INFO 26032 --- [    Test worker] c.c.auth.controller.LoginControllerTest  : No active profile set, falling back to 1 default profile: "default"
2026-05-14T22:52:50.808-05:00  INFO 26032 --- [    Test worker] o.s.s.web.DefaultSecurityFilterChain     : Will secure any request with [org.springframework.security.web.session.DisableEncodeUrlFilter@58636b50, org.springframework.security.web.context.request.async.WebAsyncManagerIntegrationFilter@7f4f1536, org.springframework.security.web.context.SecurityContextHolderFilter@596afb2f, org.springframework.security.web.header.HeaderWriterFilter@2520aa05, org.springframework.web.filter.CorsFilter@1ad1b737, org.springframework.security.web.authentication.logout.LogoutFilter@356341c9, com.circleguard.auth.security.JwtAuthenticationFilter@4c063cb9, org.springframework.security.web.savedrequest.RequestCacheAwareFilter@6df2a206, org.springframework.security.web.servletapi.SecurityContextHolderAwareRequestFilter@61993d18, org.springframework.security.web.authentication.AnonymousAuthenticationFilter@342a1f84, org.springframework.security.web.access.ExceptionTranslationFilter@70c205bf, org.springframework.security.web.access.intercept.AuthorizationFilter@7d7b4e04]
2026-05-14T22:52:51.284-05:00  INFO 26032 --- [    Test worker] o.s.b.t.m.w.SpringBootMockServletContext : Initializing Spring TestDispatcherServlet ''
2026-05-14T22:52:51.284-05:00  INFO 26032 --- [    Test worker] o.s.t.web.servlet.TestDispatcherServlet  : Initializing Servlet ''
2026-05-14T22:52:51.286-05:00  INFO 26032 --- [    Test worker] o.s.t.web.servlet.TestDispatcherServlet  : Completed initialization in 2 ms
2026-05-14T22:52:51.342-05:00  INFO 26032 --- [    Test worker] c.c.auth.controller.LoginControllerTest  : Started LoginControllerTest in 4.293 seconds (process running for 6.053)
Login attempt for user: testuser (pass length: 11)
Authentication successful for: testuser
Anonymous ID retrieved: ee7f2e9a-0494-4078-a608-aaf500b84006
]]></system-out>
  <system-err><![CDATA[]]></system-err>
</testsuite>
