<?xml version="1.0" encoding="UTF-8"?>
<testsuite name="com.circleguard.auth.service.TokenValidationUnitTest" tests="5" skipped="0" failures="0" errors="0" timestamp="2026-05-15T01:53:03.807Z" hostname="JOSHY" time="0.02">
  <properties/>
  <testcase name="signatureShouldBeValid()" classname="com.circleguard.auth.service.TokenValidationUnitTest" time="0.003"/>
  <testcase name="shouldHaveAnonymousIdInToken()" classname="com.circleguard.auth.service.TokenValidationUnitTest" time="0.004"/>
  <testcase name="shouldFailWithInvalidSecret()" classname="com.circleguard.auth.service.TokenValidationUnitTest" time="0.002"/>
  <testcase name="tokenShouldNotBeExpiredRightAway()" classname="com.circleguard.auth.service.TokenValidationUnitTest" time="0.004"/>
  <testcase name="issuerShouldBeCircleGuardAuth()" classname="com.circleguard.auth.service.TokenValidationUnitTest" time="0.004"/>
  <system-out><![CDATA[]]></system-out>
  <system-err><![CDATA[]]></system-err>
</testsuite>
