<?xml version="1.0" encoding="UTF-8"?>
<testsuite name="com.circleguard.form.controller.HealthSurveyControllerTest" tests="1" skipped="0" failures="0" errors="0" timestamp="2026-05-15T03:53:23.212Z" hostname="JOSHY" time="0.186">
  <properties/>
  <testcase name="shouldSubmitSurveySuccessfully()" classname="com.circleguard.form.controller.HealthSurveyControllerTest" time="0.186"/>
  <system-out><![CDATA[2026-05-14T22:53:22.600-05:00  INFO 23996 --- [circleguard-form-service] [    Test worker] t.c.s.AnnotationConfigContextLoaderUtils : Could not detect default configuration classes for test class [com.circleguard.form.controller.HealthSurveyControllerTest]: HealthSurveyControllerTest does not declare any static, non-private, non-final, nested classes annotated with @Configuration.
2026-05-14T22:53:22.615-05:00  INFO 23996 --- [circleguard-form-service] [    Test worker] .b.t.c.SpringBootTestContextBootstrapper : Found @SpringBootConfiguration com.circleguard.form.FormApplication for test class com.circleguard.form.controller.HealthSurveyControllerTest

  .   ____          _            __ _ _
 /\\ / ___'_ __ _ _(_)_ __  __ _ \ \ \ \
( ( )\___ | '_ | '_| | '_ \/ _` | \ \ \ \
 \\/  ___)| |_)| | | | | || (_| |  ) ) ) )
  '  |____| .__|_| |_|_| |_\__, | / / / /
 =========|_|==============|___/=/_/_/_/
 :: Spring Boot ::                (v3.2.4)

2026-05-14T22:53:22.651-05:00  INFO 23996 --- [circleguard-form-service] [    Test worker] c.c.f.c.HealthSurveyControllerTest       : Starting HealthSurveyControllerTest using Java 17.0.18 with PID 23996 (started by river in C:\Users\river\Desktop\circle-guard-public\services\circleguard-form-service)
2026-05-14T22:53:22.652-05:00  INFO 23996 --- [circleguard-form-service] [    Test worker] c.c.f.c.HealthSurveyControllerTest       : No active profile set, falling back to 1 default profile: "default"
2026-05-14T22:53:23.184-05:00  INFO 23996 --- [circleguard-form-service] [    Test worker] o.s.b.t.m.w.SpringBootMockServletContext : Initializing Spring TestDispatcherServlet ''
2026-05-14T22:53:23.184-05:00  INFO 23996 --- [circleguard-form-service] [    Test worker] o.s.t.web.servlet.TestDispatcherServlet  : Initializing Servlet ''
2026-05-14T22:53:23.186-05:00  INFO 23996 --- [circleguard-form-service] [    Test worker] o.s.t.web.servlet.TestDispatcherServlet  : Completed initialization in 2 ms
2026-05-14T22:53:23.198-05:00  INFO 23996 --- [circleguard-form-service] [    Test worker] c.c.f.c.HealthSurveyControllerTest       : Started HealthSurveyControllerTest in 0.58 seconds (process running for 8.017)
]]></system-out>
  <system-err><![CDATA[]]></system-err>
</testsuite>
