<?xml version="1.0" encoding="UTF-8"?>
<testsuite name="com.circleguard.form.controller.QuestionnaireControllerTest" tests="2" skipped="0" failures="0" errors="0" timestamp="2026-05-15T03:53:24.115Z" hostname="JOSHY" time="0.068">
  <properties/>
  <testcase name="shouldCreateQuestionnaire()" classname="com.circleguard.form.controller.QuestionnaireControllerTest" time="0.052"/>
  <testcase name="shouldReturnActiveQuestionnaire()" classname="com.circleguard.form.controller.QuestionnaireControllerTest" time="0.012"/>
  <system-out><![CDATA[2026-05-14T22:53:23.407-05:00  INFO 23996 --- [circleguard-form-service] [    Test worker] t.c.s.AnnotationConfigContextLoaderUtils : Could not detect default configuration classes for test class [com.circleguard.form.controller.QuestionnaireControllerTest]: QuestionnaireControllerTest does not declare any static, non-private, non-final, nested classes annotated with @Configuration.
2026-05-14T22:53:23.429-05:00  INFO 23996 --- [circleguard-form-service] [    Test worker] .b.t.c.SpringBootTestContextBootstrapper : Found @SpringBootConfiguration com.circleguard.form.FormApplication for test class com.circleguard.form.controller.QuestionnaireControllerTest

  .   ____          _            __ _ _
 /\\ / ___'_ __ _ _(_)_ __  __ _ \ \ \ \
( ( )\___ | '_ | '_| | '_ \/ _` | \ \ \ \
 \\/  ___)| |_)| | | | | || (_| |  ) ) ) )
  '  |____| .__|_| |_|_| |_\__, | / / / /
 =========|_|==============|___/=/_/_/_/
 :: Spring Boot ::                (v3.2.4)

2026-05-14T22:53:23.487-05:00  INFO 23996 --- [circleguard-form-service] [    Test worker] c.c.f.c.QuestionnaireControllerTest      : Starting QuestionnaireControllerTest using Java 17.0.18 with PID 23996 (started by river in C:\Users\river\Desktop\circle-guard-public\services\circleguard-form-service)
2026-05-14T22:53:23.487-05:00  INFO 23996 --- [circleguard-form-service] [    Test worker] c.c.f.c.QuestionnaireControllerTest      : No active profile set, falling back to 1 default profile: "default"
2026-05-14T22:53:24.080-05:00  INFO 23996 --- [circleguard-form-service] [    Test worker] o.s.b.t.m.w.SpringBootMockServletContext : Initializing Spring TestDispatcherServlet ''
2026-05-14T22:53:24.081-05:00  INFO 23996 --- [circleguard-form-service] [    Test worker] o.s.t.web.servlet.TestDispatcherServlet  : Initializing Servlet ''
2026-05-14T22:53:24.082-05:00  INFO 23996 --- [circleguard-form-service] [    Test worker] o.s.t.web.servlet.TestDispatcherServlet  : Completed initialization in 0 ms
2026-05-14T22:53:24.108-05:00  INFO 23996 --- [circleguard-form-service] [    Test worker] c.c.f.c.QuestionnaireControllerTest      : Started QuestionnaireControllerTest in 0.672 seconds (process running for 8.926)
]]></system-out>
  <system-err><![CDATA[]]></system-err>
</testsuite>
