<?xml version="1.0" encoding="UTF-8"?>
<testsuite name="com.circleguard.identity.controller.IdentityVaultControllerTest" tests="4" skipped="0" failures="0" errors="0" timestamp="2026-05-15T03:53:43.824Z" hostname="JOSHY" time="0.674">
  <properties/>
  <testcase name="lookupIdentity_NotFound_Returns404ProblemDetail()" classname="com.circleguard.identity.controller.IdentityVaultControllerTest" time="0.581"/>
  <testcase name="lookupIdentity_Unauthenticated_Returns401()" classname="com.circleguard.identity.controller.IdentityVaultControllerTest" time="0.03"/>
  <testcase name="lookupIdentity_WithPermission_ReturnsRealIdentity()" classname="com.circleguard.identity.controller.IdentityVaultControllerTest" time="0.035"/>
  <testcase name="lookupIdentity_WithoutPermission_Returns403()" classname="com.circleguard.identity.controller.IdentityVaultControllerTest" time="0.014"/>
  <system-out><![CDATA[22:53:39.276 [Test worker] INFO org.springframework.test.context.support.AnnotationConfigContextLoaderUtils -- Could not detect default configuration classes for test class [com.circleguard.identity.controller.IdentityVaultControllerTest]: IdentityVaultControllerTest does not declare any static, non-private, non-final, nested classes annotated with @Configuration.
22:53:39.425 [Test worker] INFO org.springframework.boot.test.context.SpringBootTestContextBootstrapper -- Found @SpringBootConfiguration com.circleguard.identity.IdentityServiceApplication for test class com.circleguard.identity.controller.IdentityVaultControllerTest

  .   ____          _            __ _ _
 /\\ / ___'_ __ _ _(_)_ __  __ _ \ \ \ \
( ( )\___ | '_ | '_| | '_ \/ _` | \ \ \ \
 \\/  ___)| |_)| | | | | || (_| |  ) ) ) )
  '  |____| .__|_| |_|_| |_\__, | / / / /
 =========|_|==============|___/=/_/_/_/
 :: Spring Boot ::                (v3.2.4)

2026-05-14T22:53:39.957-05:00  INFO 29280 --- [    Test worker] c.c.i.c.IdentityVaultControllerTest      : Starting IdentityVaultControllerTest using Java 17.0.18 with PID 29280 (started by river in C:\Users\river\Desktop\circle-guard-public\services\circleguard-identity-service)
2026-05-14T22:53:39.962-05:00  INFO 29280 --- [    Test worker] c.c.i.c.IdentityVaultControllerTest      : The following 1 profile is active: "test"
2026-05-14T22:53:42.677-05:00  WARN 29280 --- [    Test worker] .s.s.UserDetailsServiceAutoConfiguration : 

Using generated security password: cfa37edf-920e-400a-84c4-393395d0bd28

This generated password is for development use only. Your security configuration must be updated before running your application in production.

2026-05-14T22:53:43.240-05:00  INFO 29280 --- [    Test worker] o.s.s.web.DefaultSecurityFilterChain     : Will secure any request with [org.springframework.security.web.session.DisableEncodeUrlFilter@1c788d08, org.springframework.security.web.context.request.async.WebAsyncManagerIntegrationFilter@2adc1e84, org.springframework.security.web.context.SecurityContextHolderFilter@1b69fc07, org.springframework.security.web.header.HeaderWriterFilter@556aed22, org.springframework.web.filter.CorsFilter@2a99fa07, org.springframework.security.web.authentication.logout.LogoutFilter@4946485c, com.circleguard.identity.config.JwtAuthenticationFilter@a1e912f, org.springframework.security.web.savedrequest.RequestCacheAwareFilter@24de63b, org.springframework.security.web.servletapi.SecurityContextHolderAwareRequestFilter@42d0e41, org.springframework.security.web.authentication.AnonymousAuthenticationFilter@45b8bbbf, org.springframework.security.web.access.ExceptionTranslationFilter@7227926b, org.springframework.security.web.access.intercept.AuthorizationFilter@22429a11]
2026-05-14T22:53:43.692-05:00  INFO 29280 --- [    Test worker] o.s.b.t.m.w.SpringBootMockServletContext : Initializing Spring TestDispatcherServlet ''
2026-05-14T22:53:43.692-05:00  INFO 29280 --- [    Test worker] o.s.t.web.servlet.TestDispatcherServlet  : Initializing Servlet ''
2026-05-14T22:53:43.695-05:00  INFO 29280 --- [    Test worker] o.s.t.web.servlet.TestDispatcherServlet  : Completed initialization in 3 ms
2026-05-14T22:53:43.797-05:00  INFO 29280 --- [    Test worker] c.c.i.c.IdentityVaultControllerTest      : Started IdentityVaultControllerTest in 4.279 seconds (process running for 5.792)
]]></system-out>
  <system-err><![CDATA[]]></system-err>
</testsuite>
