<?xml version="1.0" encoding="UTF-8"?>
<testsuite name="com.circleguard.notification.service.PriorityAlertListenerTest" tests="2" skipped="0" failures="0" errors="0" timestamp="2026-05-15T03:54:05.553Z" hostname="JOSHY" time="0.414">
  <properties/>
  <testcase name="testHandlePriorityAlert_NoAdmins()" classname="com.circleguard.notification.service.PriorityAlertListenerTest" time="0.404"/>
  <testcase name="testHandlePriorityAlert_Success()" classname="com.circleguard.notification.service.PriorityAlertListenerTest" time="0.009"/>
  <system-out><![CDATA[2026-05-14T22:54:05.954-05:00  INFO 11104 --- [circleguard-notification-service] [    Test worker] c.c.n.service.PriorityAlertListener      : Received alert.priority event: {"eventType":"CONFIRMED_CASE","affectedCount":1}
2026-05-14T22:54:05.955-05:00  INFO 11104 --- [circleguard-notification-service] [    Test worker] c.c.n.service.PriorityAlertListener      : Processing CONFIRMED_CASE Priority Alert. Affected: 1
2026-05-14T22:54:05.956-05:00  WARN 11104 --- [circleguard-notification-service] [    Test worker] c.c.n.service.PriorityAlertListener      : No administrators found with alert:receive_priority permission.
2026-05-14T22:54:05.966-05:00  INFO 11104 --- [circleguard-notification-service] [    Test worker] c.c.n.service.PriorityAlertListener      : Received alert.priority event: {"eventType":"CONFIRMED_CASE","affectedCount":1}
2026-05-14T22:54:05.967-05:00  INFO 11104 --- [circleguard-notification-service] [    Test worker] c.c.n.service.PriorityAlertListener      : Processing CONFIRMED_CASE Priority Alert. Affected: 1
2026-05-14T22:54:05.967-05:00  INFO 11104 --- [circleguard-notification-service] [    Test worker] c.c.n.service.PriorityAlertListener      : Dispatching priority alert to admin email: admin@university.edu
]]></system-out>
  <system-err><![CDATA[]]></system-err>
</testsuite>
