<?xml version="1.0" encoding="UTF-8"?>
<testsuite name="com.circleguard.notification.service.NotificationDispatcherTest" tests="1" skipped="0" failures="0" errors="0" timestamp="2026-05-15T02:10:05.465Z" hostname="JOSHY" time="0.051">
  <properties/>
  <testcase name="shouldDispatchToAllChannelsConcurrently()" classname="com.circleguard.notification.service.NotificationDispatcherTest" time="0.051"/>
  <system-out><![CDATA[2026-05-14T21:10:04.553-05:00  INFO 14020 --- [circleguard-notification-service] [    Test worker] t.c.s.AnnotationConfigContextLoaderUtils : Could not detect default configuration classes for test class [com.circleguard.notification.service.NotificationDispatcherTest]: NotificationDispatcherTest does not declare any static, non-private, non-final, nested classes annotated with @Configuration.
2026-05-14T21:10:04.556-05:00  INFO 14020 --- [circleguard-notification-service] [    Test worker] .b.t.c.SpringBootTestContextBootstrapper : Found @SpringBootConfiguration com.circleguard.notification.NotificationApplication for test class com.circleguard.notification.service.NotificationDispatcherTest

  .   ____          _            __ _ _
 /\\ / ___'_ __ _ _(_)_ __  __ _ \ \ \ \
( ( )\___ | '_ | '_| | '_ \/ _` | \ \ \ \
 \\/  ___)| |_)| | | | | || (_| |  ) ) ) )
  '  |____| .__|_| |_|_| |_\__, | / / / /
 =========|_|==============|___/=/_/_/_/
 :: Spring Boot ::                (v3.2.4)

2026-05-14T21:10:04.592-05:00  INFO 14020 --- [circleguard-notification-service] [    Test worker] c.c.n.s.NotificationDispatcherTest       : Starting NotificationDispatcherTest using Java 17.0.18 with PID 14020 (started by river in C:\Users\river\Desktop\circle-guard-public\services\circleguard-notification-service)
2026-05-14T21:10:04.593-05:00  INFO 14020 --- [circleguard-notification-service] [    Test worker] c.c.n.s.NotificationDispatcherTest       : The following 1 profile is active: "test"
2026-05-14T21:10:04.657-05:00  INFO 14020 --- [circleguard-notification-service] [ntainer#2-0-C-1] org.apache.kafka.clients.NetworkClient   : [Consumer clientId=consumer-notification-priority-group-4, groupId=notification-priority-group] Node -1 disconnected.
2026-05-14T21:10:04.657-05:00  WARN 14020 --- [circleguard-notification-service] [ntainer#2-0-C-1] org.apache.kafka.clients.NetworkClient   : [Consumer clientId=consumer-notification-priority-group-4, groupId=notification-priority-group] Connection to node -1 (localhost/127.0.0.1:9092) could not be established. Broker may not be available.
2026-05-14T21:10:04.658-05:00  WARN 14020 --- [circleguard-notification-service] [ntainer#2-0-C-1] org.apache.kafka.clients.NetworkClient   : [Consumer clientId=consumer-notification-priority-group-4, groupId=notification-priority-group] Bootstrap broker localhost:9092 (id: -1 rack: null) disconnected
2026-05-14T21:10:04.704-05:00  INFO 14020 --- [circleguard-notification-service] [ntainer#2-0-C-1] org.apache.kafka.clients.NetworkClient   : [Consumer clientId=consumer-notification-priority-group-1, groupId=notification-priority-group] Node -1 disconnected.
2026-05-14T21:10:04.704-05:00  WARN 14020 --- [circleguard-notification-service] [ntainer#2-0-C-1] org.apache.kafka.clients.NetworkClient   : [Consumer clientId=consumer-notification-priority-group-1, groupId=notification-priority-group] Connection to node -1 (localhost/127.0.0.1:9092) could not be established. Broker may not be available.
2026-05-14T21:10:04.704-05:00  WARN 14020 --- [circleguard-notification-service] [ntainer#2-0-C-1] org.apache.kafka.clients.NetworkClient   : [Consumer clientId=consumer-notification-priority-group-1, groupId=notification-priority-group] Bootstrap broker localhost:9092 (id: -1 rack: null) disconnected
2026-05-14T21:10:04.720-05:00  INFO 14020 --- [circleguard-notification-service] [ntainer#1-0-C-1] org.apache.kafka.clients.NetworkClient   : [Consumer clientId=consumer-notification-group-3, groupId=notification-group] Node -1 disconnected.
2026-05-14T21:10:04.723-05:00  WARN 14020 --- [circleguard-notification-service] [ntainer#1-0-C-1] org.apache.kafka.clients.NetworkClient   : [Consumer clientId=consumer-notification-group-3, groupId=notification-group] Connection to node -1 (localhost/127.0.0.1:9092) could not be established. Broker may not be available.
2026-05-14T21:10:04.724-05:00  WARN 14020 --- [circleguard-notification-service] [ntainer#1-0-C-1] org.apache.kafka.clients.NetworkClient   : [Consumer clientId=consumer-notification-group-3, groupId=notification-group] Bootstrap broker localhost:9092 (id: -1 rack: null) disconnected
2026-05-14T21:10:04.760-05:00  INFO 14020 --- [circleguard-notification-service] [ntainer#0-0-C-1] org.apache.kafka.clients.NetworkClient   : [Consumer clientId=consumer-notification-group-5, groupId=notification-group] Node -1 disconnected.
2026-05-14T21:10:04.760-05:00  WARN 14020 --- [circleguard-notification-service] [ntainer#0-0-C-1] org.apache.kafka.clients.NetworkClient   : [Consumer clientId=consumer-notification-group-5, groupId=notification-group] Connection to node -1 (localhost/127.0.0.1:9092) could not be established. Broker may not be available.
2026-05-14T21:10:04.761-05:00  WARN 14020 --- [circleguard-notification-service] [ntainer#0-0-C-1] org.apache.kafka.clients.NetworkClient   : [Consumer clientId=consumer-notification-group-5, groupId=notification-group] Bootstrap broker localhost:9092 (id: -1 rack: null) disconnected
2026-05-14T21:10:04.759-05:00  INFO 14020 --- [circleguard-notification-service] [ntainer#1-0-C-1] org.apache.kafka.clients.NetworkClient   : [Consumer clientId=consumer-notification-group-6, groupId=notification-group] Node -1 disconnected.
2026-05-14T21:10:04.763-05:00  WARN 14020 --- [circleguard-notification-service] [ntainer#1-0-C-1] org.apache.kafka.clients.NetworkClient   : [Consumer clientId=consumer-notification-group-6, groupId=notification-group] Connection to node -1 (localhost/127.0.0.1:9092) could not be established. Broker may not be available.
2026-05-14T21:10:04.765-05:00  WARN 14020 --- [circleguard-notification-service] [ntainer#1-0-C-1] org.apache.kafka.clients.NetworkClient   : [Consumer clientId=consumer-notification-group-6, groupId=notification-group] Bootstrap broker localhost:9092 (id: -1 rack: null) disconnected
2026-05-14T21:10:05.122-05:00  INFO 14020 --- [circleguard-notification-service] [ntainer#0-0-C-1] org.apache.kafka.clients.NetworkClient   : [Consumer clientId=consumer-notification-group-5, groupId=notification-group] Node -1 disconnected.
2026-05-14T21:10:05.122-05:00  WARN 14020 --- [circleguard-notification-service] [ntainer#0-0-C-1] org.apache.kafka.clients.NetworkClient   : [Consumer clientId=consumer-notification-group-5, groupId=notification-group] Connection to node -1 (localhost/127.0.0.1:9092) could not be established. Broker may not be available.
2026-05-14T21:10:05.122-05:00  WARN 14020 --- [circleguard-notification-service] [ntainer#0-0-C-1] org.apache.kafka.clients.NetworkClient   : [Consumer clientId=consumer-notification-group-5, groupId=notification-group] Bootstrap broker localhost:9092 (id: -1 rack: null) disconnected
2026-05-14T21:10:05.170-05:00  INFO 14020 --- [circleguard-notification-service] [ntainer#2-0-C-1] org.apache.kafka.clients.NetworkClient   : [Consumer clientId=consumer-notification-priority-group-4, groupId=notification-priority-group] Node -1 disconnected.
2026-05-14T21:10:05.171-05:00  WARN 14020 --- [circleguard-notification-service] [ntainer#2-0-C-1] org.apache.kafka.clients.NetworkClient   : [Consumer clientId=consumer-notification-priority-group-4, groupId=notification-priority-group] Connection to node -1 (localhost/127.0.0.1:9092) could not be established. Broker may not be available.
2026-05-14T21:10:05.171-05:00  WARN 14020 --- [circleguard-notification-service] [ntainer#2-0-C-1] org.apache.kafka.clients.NetworkClient   : [Consumer clientId=consumer-notification-priority-group-4, groupId=notification-priority-group] Bootstrap broker localhost:9092 (id: -1 rack: null) disconnected
2026-05-14T21:10:05.188-05:00  INFO 14020 --- [circleguard-notification-service] [ntainer#1-0-C-1] org.apache.kafka.clients.NetworkClient   : [Consumer clientId=consumer-notification-group-6, groupId=notification-group] Node -1 disconnected.
2026-05-14T21:10:05.188-05:00  WARN 14020 --- [circleguard-notification-service] [ntainer#1-0-C-1] org.apache.kafka.clients.NetworkClient   : [Consumer clientId=consumer-notification-group-6, groupId=notification-group] Connection to node -1 (localhost/127.0.0.1:9092) could not be established. Broker may not be available.
2026-05-14T21:10:05.188-05:00  WARN 14020 --- [circleguard-notification-service] [ntainer#1-0-C-1] org.apache.kafka.clients.NetworkClient   : [Consumer clientId=consumer-notification-group-6, groupId=notification-group] Bootstrap broker localhost:9092 (id: -1 rack: null) disconnected
2026-05-14T21:10:05.399-05:00  INFO 14020 --- [circleguard-notification-service] [    Test worker] o.a.k.clients.consumer.ConsumerConfig    : ConsumerConfig values: 
	allow.auto.create.topics = true
	auto.commit.interval.ms = 5000
	auto.include.jmx.reporter = true
	auto.offset.reset = earliest
	bootstrap.servers = [localhost:9092]
	check.crcs = true
	client.dns.lookup = use_all_dns_ips
	client.id = consumer-notification-priority-group-7
	client.rack = 
	connections.max.idle.ms = 540000
	default.api.timeout.ms = 60000
	enable.auto.commit = false
	exclude.internal.topics = true
	fetch.max.bytes = 52428800
	fetch.max.wait.ms = 500
	fetch.min.bytes = 1
	group.id = notification-priority-group
	group.instance.id = null
	heartbeat.interval.ms = 3000
	interceptor.classes = []
	internal.leave.group.on.close = true
	internal.throw.on.fetch.stable.offset.unsupported = false
	isolation.level = read_uncommitted
	key.deserializer = class org.apache.kafka.common.serialization.StringDeserializer
	max.partition.fetch.bytes = 1048576
	max.poll.interval.ms = 300000
	max.poll.records = 500
	metadata.max.age.ms = 300000
	metric.reporters = []
	metrics.num.samples = 2
	metrics.recording.level = INFO
	metrics.sample.window.ms = 30000
	partition.assignment.strategy = [class org.apache.kafka.clients.consumer.RangeAssignor, class org.apache.kafka.clients.consumer.CooperativeStickyAssignor]
	receive.buffer.bytes = 65536
	reconnect.backoff.max.ms = 1000
	reconnect.backoff.ms = 50
	request.timeout.ms = 30000
	retry.backoff.ms = 100
	sasl.client.callback.handler.class = null
	sasl.jaas.config = null
	sasl.kerberos.kinit.cmd = /usr/bin/kinit
	sasl.kerberos.min.time.before.relogin = 60000
	sasl.kerberos.service.name = null
	sasl.kerberos.ticket.renew.jitter = 0.05
	sasl.kerberos.ticket.renew.window.factor = 0.8
	sasl.login.callback.handler.class = null
	sasl.login.class = null
	sasl.login.connect.timeout.ms = null
	sasl.login.read.timeout.ms = null
	sasl.login.refresh.buffer.seconds = 300
	sasl.login.refresh.min.period.seconds = 60
	sasl.login.refresh.window.factor = 0.8
	sasl.login.refresh.window.jitter = 0.05
	sasl.login.retry.backoff.max.ms = 10000
	sasl.login.retry.backoff.ms = 100
	sasl.mechanism = GSSAPI
	sasl.oauthbearer.clock.skew.seconds = 30
	sasl.oauthbearer.expected.audience = null
	sasl.oauthbearer.expected.issuer = null
	sasl.oauthbearer.jwks.endpoint.refresh.ms = 3600000
	sasl.oauthbearer.jwks.endpoint.retry.backoff.max.ms = 10000
	sasl.oauthbearer.jwks.endpoint.retry.backoff.ms = 100
	sasl.oauthbearer.jwks.endpoint.url = null
	sasl.oauthbearer.scope.claim.name = scope
	sasl.oauthbearer.sub.claim.name = sub
	sasl.oauthbearer.token.endpoint.url = null
	security.protocol = PLAINTEXT
	security.providers = null
	send.buffer.bytes = 131072
	session.timeout.ms = 45000
	socket.connection.setup.timeout.max.ms = 30000
	socket.connection.setup.timeout.ms = 10000
	ssl.cipher.suites = null
	ssl.enabled.protocols = [TLSv1.2, TLSv1.3]
	ssl.endpoint.identification.algorithm = https
	ssl.engine.factory.class = null
	ssl.key.password = null
	ssl.keymanager.algorithm = SunX509
	ssl.keystore.certificate.chain = null
	ssl.keystore.key = null
	ssl.keystore.location = null
	ssl.keystore.password = null
	ssl.keystore.type = JKS
	ssl.protocol = TLSv1.3
	ssl.provider = null
	ssl.secure.random.implementation = null
	ssl.trustmanager.algorithm = PKIX
	ssl.truststore.certificates = null
	ssl.truststore.location = null
	ssl.truststore.password = null
	ssl.truststore.type = JKS
	value.deserializer = class org.apache.kafka.common.serialization.StringDeserializer

2026-05-14T21:10:05.406-05:00  INFO 14020 --- [circleguard-notification-service] [    Test worker] o.a.kafka.common.utils.AppInfoParser     : Kafka version: 3.6.1
2026-05-14T21:10:05.406-05:00  INFO 14020 --- [circleguard-notification-service] [    Test worker] o.a.kafka.common.utils.AppInfoParser     : Kafka commitId: 5e3c2b738d253ff5
2026-05-14T21:10:05.406-05:00  INFO 14020 --- [circleguard-notification-service] [    Test worker] o.a.kafka.common.utils.AppInfoParser     : Kafka startTimeMs: 1778811005406
2026-05-14T21:10:05.406-05:00  INFO 14020 --- [circleguard-notification-service] [    Test worker] fkaConsumerFactory$ExtendedKafkaConsumer : [Consumer clientId=consumer-notification-priority-group-7, groupId=notification-priority-group] Subscribed to topic(s): alert.priority
2026-05-14T21:10:05.411-05:00  INFO 14020 --- [circleguard-notification-service] [    Test worker] o.a.k.clients.consumer.ConsumerConfig    : ConsumerConfig values: 
	allow.auto.create.topics = true
	auto.commit.interval.ms = 5000
	auto.include.jmx.reporter = true
	auto.offset.reset = earliest
	bootstrap.servers = [localhost:9092]
	check.crcs = true
	client.dns.lookup = use_all_dns_ips
	client.id = consumer-notification-group-8
	client.rack = 
	connections.max.idle.ms = 540000
	default.api.timeout.ms = 60000
	enable.auto.commit = false
	exclude.internal.topics = true
	fetch.max.bytes = 52428800
	fetch.max.wait.ms = 500
	fetch.min.bytes = 1
	group.id = notification-group
	group.instance.id = null
	heartbeat.interval.ms = 3000
	interceptor.classes = []
	internal.leave.group.on.close = true
	internal.throw.on.fetch.stable.offset.unsupported = false
	isolation.level = read_uncommitted
	key.deserializer = class org.apache.kafka.common.serialization.StringDeserializer
	max.partition.fetch.bytes = 1048576
	max.poll.interval.ms = 300000
	max.poll.records = 500
	metadata.max.age.ms = 300000
	metric.reporters = []
	metrics.num.samples = 2
	metrics.recording.level = INFO
	metrics.sample.window.ms = 30000
	partition.assignment.strategy = [class org.apache.kafka.clients.consumer.RangeAssignor, class org.apache.kafka.clients.consumer.CooperativeStickyAssignor]
	receive.buffer.bytes = 65536
	reconnect.backoff.max.ms = 1000
	reconnect.backoff.ms = 50
	request.timeout.ms = 30000
	retry.backoff.ms = 100
	sasl.client.callback.handler.class = null
	sasl.jaas.config = null
	sasl.kerberos.kinit.cmd = /usr/bin/kinit
	sasl.kerberos.min.time.before.relogin = 60000
	sasl.kerberos.service.name = null
	sasl.kerberos.ticket.renew.jitter = 0.05
	sasl.kerberos.ticket.renew.window.factor = 0.8
	sasl.login.callback.handler.class = null
	sasl.login.class = null
	sasl.login.connect.timeout.ms = null
	sasl.login.read.timeout.ms = null
	sasl.login.refresh.buffer.seconds = 300
	sasl.login.refresh.min.period.seconds = 60
	sasl.login.refresh.window.factor = 0.8
	sasl.login.refresh.window.jitter = 0.05
	sasl.login.retry.backoff.max.ms = 10000
	sasl.login.retry.backoff.ms = 100
	sasl.mechanism = GSSAPI
	sasl.oauthbearer.clock.skew.seconds = 30
	sasl.oauthbearer.expected.audience = null
	sasl.oauthbearer.expected.issuer = null
	sasl.oauthbearer.jwks.endpoint.refresh.ms = 3600000
	sasl.oauthbearer.jwks.endpoint.retry.backoff.max.ms = 10000
	sasl.oauthbearer.jwks.endpoint.retry.backoff.ms = 100
	sasl.oauthbearer.jwks.endpoint.url = null
	sasl.oauthbearer.scope.claim.name = scope
	sasl.oauthbearer.sub.claim.name = sub
	sasl.oauthbearer.token.endpoint.url = null
	security.protocol = PLAINTEXT
	security.providers = null
	send.buffer.bytes = 131072
	session.timeout.ms = 45000
	socket.connection.setup.timeout.max.ms = 30000
	socket.connection.setup.timeout.ms = 10000
	ssl.cipher.suites = null
	ssl.enabled.protocols = [TLSv1.2, TLSv1.3]
	ssl.endpoint.identification.algorithm = https
	ssl.engine.factory.class = null
	ssl.key.password = null
	ssl.keymanager.algorithm = SunX509
	ssl.keystore.certificate.chain = null
	ssl.keystore.key = null
	ssl.keystore.location = null
	ssl.keystore.password = null
	ssl.keystore.type = JKS
	ssl.protocol = TLSv1.3
	ssl.provider = null
	ssl.secure.random.implementation = null
	ssl.trustmanager.algorithm = PKIX
	ssl.truststore.certificates = null
	ssl.truststore.location = null
	ssl.truststore.password = null
	ssl.truststore.type = JKS
	value.deserializer = class org.apache.kafka.common.serialization.StringDeserializer

2026-05-14T21:10:05.412-05:00  INFO 14020 --- [circleguard-notification-service] [ntainer#2-0-C-1] org.apache.kafka.clients.NetworkClient   : [Consumer clientId=consumer-notification-priority-group-7, groupId=notification-priority-group] Node -1 disconnected.
2026-05-14T21:10:05.412-05:00  WARN 14020 --- [circleguard-notification-service] [ntainer#2-0-C-1] org.apache.kafka.clients.NetworkClient   : [Consumer clientId=consumer-notification-priority-group-7, groupId=notification-priority-group] Connection to node -1 (localhost/127.0.0.1:9092) could not be established. Broker may not be available.
2026-05-14T21:10:05.412-05:00  WARN 14020 --- [circleguard-notification-service] [ntainer#2-0-C-1] org.apache.kafka.clients.NetworkClient   : [Consumer clientId=consumer-notification-priority-group-7, groupId=notification-priority-group] Bootstrap broker localhost:9092 (id: -1 rack: null) disconnected
2026-05-14T21:10:05.423-05:00  INFO 14020 --- [circleguard-notification-service] [    Test worker] o.a.kafka.common.utils.AppInfoParser     : Kafka version: 3.6.1
2026-05-14T21:10:05.424-05:00  INFO 14020 --- [circleguard-notification-service] [    Test worker] o.a.kafka.common.utils.AppInfoParser     : Kafka commitId: 5e3c2b738d253ff5
2026-05-14T21:10:05.424-05:00  INFO 14020 --- [circleguard-notification-service] [    Test worker] o.a.kafka.common.utils.AppInfoParser     : Kafka startTimeMs: 1778811005423
2026-05-14T21:10:05.424-05:00  INFO 14020 --- [circleguard-notification-service] [    Test worker] fkaConsumerFactory$ExtendedKafkaConsumer : [Consumer clientId=consumer-notification-group-8, groupId=notification-group] Subscribed to topic(s): circle.fenced
2026-05-14T21:10:05.430-05:00  INFO 14020 --- [circleguard-notification-service] [    Test worker] o.a.k.clients.consumer.ConsumerConfig    : ConsumerConfig values: 
	allow.auto.create.topics = true
	auto.commit.interval.ms = 5000
	auto.include.jmx.reporter = true
	auto.offset.reset = earliest
	bootstrap.servers = [localhost:9092]
	check.crcs = true
	client.dns.lookup = use_all_dns_ips
	client.id = consumer-notification-group-9
	client.rack = 
	connections.max.idle.ms = 540000
	default.api.timeout.ms = 60000
	enable.auto.commit = false
	exclude.internal.topics = true
	fetch.max.bytes = 52428800
	fetch.max.wait.ms = 500
	fetch.min.bytes = 1
	group.id = notification-group
	group.instance.id = null
	heartbeat.interval.ms = 3000
	interceptor.classes = []
	internal.leave.group.on.close = true
	internal.throw.on.fetch.stable.offset.unsupported = false
	isolation.level = read_uncommitted
	key.deserializer = class org.apache.kafka.common.serialization.StringDeserializer
	max.partition.fetch.bytes = 1048576
	max.poll.interval.ms = 300000
	max.poll.records = 500
	metadata.max.age.ms = 300000
	metric.reporters = []
	metrics.num.samples = 2
	metrics.recording.level = INFO
	metrics.sample.window.ms = 30000
	partition.assignment.strategy = [class org.apache.kafka.clients.consumer.RangeAssignor, class org.apache.kafka.clients.consumer.CooperativeStickyAssignor]
	receive.buffer.bytes = 65536
	reconnect.backoff.max.ms = 1000
	reconnect.backoff.ms = 50
	request.timeout.ms = 30000
	retry.backoff.ms = 100
	sasl.client.callback.handler.class = null
	sasl.jaas.config = null
	sasl.kerberos.kinit.cmd = /usr/bin/kinit
	sasl.kerberos.min.time.before.relogin = 60000
	sasl.kerberos.service.name = null
	sasl.kerberos.ticket.renew.jitter = 0.05
	sasl.kerberos.ticket.renew.window.factor = 0.8
	sasl.login.callback.handler.class = null
	sasl.login.class = null
	sasl.login.connect.timeout.ms = null
	sasl.login.read.timeout.ms = null
	sasl.login.refresh.buffer.seconds = 300
	sasl.login.refresh.min.period.seconds = 60
	sasl.login.refresh.window.factor = 0.8
	sasl.login.refresh.window.jitter = 0.05
	sasl.login.retry.backoff.max.ms = 10000
	sasl.login.retry.backoff.ms = 100
	sasl.mechanism = GSSAPI
	sasl.oauthbearer.clock.skew.seconds = 30
	sasl.oauthbearer.expected.audience = null
	sasl.oauthbearer.expected.issuer = null
	sasl.oauthbearer.jwks.endpoint.refresh.ms = 3600000
	sasl.oauthbearer.jwks.endpoint.retry.backoff.max.ms = 10000
	sasl.oauthbearer.jwks.endpoint.retry.backoff.ms = 100
	sasl.oauthbearer.jwks.endpoint.url = null
	sasl.oauthbearer.scope.claim.name = scope
	sasl.oauthbearer.sub.claim.name = sub
	sasl.oauthbearer.token.endpoint.url = null
	security.protocol = PLAINTEXT
	security.providers = null
	send.buffer.bytes = 131072
	session.timeout.ms = 45000
	socket.connection.setup.timeout.max.ms = 30000
	socket.connection.setup.timeout.ms = 10000
	ssl.cipher.suites = null
	ssl.enabled.protocols = [TLSv1.2, TLSv1.3]
	ssl.endpoint.identification.algorithm = https
	ssl.engine.factory.class = null
	ssl.key.password = null
	ssl.keymanager.algorithm = SunX509
	ssl.keystore.certificate.chain = null
	ssl.keystore.key = null
	ssl.keystore.location = null
	ssl.keystore.password = null
	ssl.keystore.type = JKS
	ssl.protocol = TLSv1.3
	ssl.provider = null
	ssl.secure.random.implementation = null
	ssl.trustmanager.algorithm = PKIX
	ssl.truststore.certificates = null
	ssl.truststore.location = null
	ssl.truststore.password = null
	ssl.truststore.type = JKS
	value.deserializer = class org.apache.kafka.common.serialization.StringDeserializer

2026-05-14T21:10:05.432-05:00  INFO 14020 --- [circleguard-notification-service] [ntainer#0-0-C-1] org.apache.kafka.clients.NetworkClient   : [Consumer clientId=consumer-notification-group-8, groupId=notification-group] Node -1 disconnected.
2026-05-14T21:10:05.432-05:00  WARN 14020 --- [circleguard-notification-service] [ntainer#0-0-C-1] org.apache.kafka.clients.NetworkClient   : [Consumer clientId=consumer-notification-group-8, groupId=notification-group] Connection to node -1 (localhost/127.0.0.1:9092) could not be established. Broker may not be available.
2026-05-14T21:10:05.432-05:00  WARN 14020 --- [circleguard-notification-service] [ntainer#0-0-C-1] org.apache.kafka.clients.NetworkClient   : [Consumer clientId=consumer-notification-group-8, groupId=notification-group] Bootstrap broker localhost:9092 (id: -1 rack: null) disconnected
2026-05-14T21:10:05.437-05:00  INFO 14020 --- [circleguard-notification-service] [    Test worker] o.a.kafka.common.utils.AppInfoParser     : Kafka version: 3.6.1
2026-05-14T21:10:05.437-05:00  INFO 14020 --- [circleguard-notification-service] [    Test worker] o.a.kafka.common.utils.AppInfoParser     : Kafka commitId: 5e3c2b738d253ff5
2026-05-14T21:10:05.439-05:00  INFO 14020 --- [circleguard-notification-service] [    Test worker] o.a.kafka.common.utils.AppInfoParser     : Kafka startTimeMs: 1778811005437
2026-05-14T21:10:05.448-05:00  INFO 14020 --- [circleguard-notification-service] [    Test worker] fkaConsumerFactory$ExtendedKafkaConsumer : [Consumer clientId=consumer-notification-group-9, groupId=notification-group] Subscribed to topic(s): promotion.status.changed
2026-05-14T21:10:05.461-05:00  INFO 14020 --- [circleguard-notification-service] [    Test worker] c.c.n.s.NotificationDispatcherTest       : Started NotificationDispatcherTest in 0.902 seconds (process running for 11.769)
2026-05-14T21:10:05.463-05:00  INFO 14020 --- [circleguard-notification-service] [ntainer#1-0-C-1] org.apache.kafka.clients.NetworkClient   : [Consumer clientId=consumer-notification-group-9, groupId=notification-group] Node -1 disconnected.
2026-05-14T21:10:05.464-05:00  WARN 14020 --- [circleguard-notification-service] [ntainer#1-0-C-1] org.apache.kafka.clients.NetworkClient   : [Consumer clientId=consumer-notification-group-9, groupId=notification-group] Connection to node -1 (localhost/127.0.0.1:9092) could not be established. Broker may not be available.
2026-05-14T21:10:05.464-05:00  WARN 14020 --- [circleguard-notification-service] [ntainer#1-0-C-1] org.apache.kafka.clients.NetworkClient   : [Consumer clientId=consumer-notification-group-9, groupId=notification-group] Bootstrap broker localhost:9092 (id: -1 rack: null) disconnected
2026-05-14T21:10:05.482-05:00  INFO 14020 --- [circleguard-notification-service] [    Test worker] c.c.n.service.NotificationDispatcher     : Dispatching contextual multi-channel notifications for user: user-123 with status: Your health status has changed.
2026-05-14T21:10:05.497-05:00  INFO 14020 --- [circleguard-notification-service] [    Test worker] c.c.n.service.NotificationDispatcher     : Multi-channel dispatch completed successfully for user: user-123
]]></system-out>
  <system-err><![CDATA[]]></system-err>
</testsuite>
