<?xml version="1.0" encoding="UTF-8"?>
<testsuite name="com.circleguard.notification.service.PriorityAlertListenerTest" tests="2" skipped="0" failures="0" errors="0" timestamp="2026-05-15T02:10:10.075Z" hostname="JOSHY" time="0.533">
  <properties/>
  <testcase name="testHandlePriorityAlert_NoAdmins()" classname="com.circleguard.notification.service.PriorityAlertListenerTest" time="0.519"/>
  <testcase name="testHandlePriorityAlert_Success()" classname="com.circleguard.notification.service.PriorityAlertListenerTest" time="0.013"/>
  <system-out><![CDATA[2026-05-14T21:10:10.150-05:00  INFO 14020 --- [circleguard-notification-service] [ntainer#2-0-C-1] org.apache.kafka.clients.NetworkClient   : [Consumer clientId=consumer-notification-priority-group-7, groupId=notification-priority-group] Node -1 disconnected.
2026-05-14T21:10:10.150-05:00  WARN 14020 --- [circleguard-notification-service] [ntainer#2-0-C-1] org.apache.kafka.clients.NetworkClient   : [Consumer clientId=consumer-notification-priority-group-7, groupId=notification-priority-group] Connection to node -1 (localhost/127.0.0.1:9092) could not be established. Broker may not be available.
2026-05-14T21:10:10.150-05:00  WARN 14020 --- [circleguard-notification-service] [ntainer#2-0-C-1] org.apache.kafka.clients.NetworkClient   : [Consumer clientId=consumer-notification-priority-group-7, groupId=notification-priority-group] Bootstrap broker localhost:9092 (id: -1 rack: null) disconnected
2026-05-14T21:10:10.200-05:00  INFO 14020 --- [circleguard-notification-service] [ntainer#0-0-C-1] org.apache.kafka.clients.NetworkClient   : [Consumer clientId=consumer-notification-group-8, groupId=notification-group] Node -1 disconnected.
2026-05-14T21:10:10.201-05:00  WARN 14020 --- [circleguard-notification-service] [ntainer#0-0-C-1] org.apache.kafka.clients.NetworkClient   : [Consumer clientId=consumer-notification-group-8, groupId=notification-group] Connection to node -1 (localhost/127.0.0.1:9092) could not be established. Broker may not be available.
2026-05-14T21:10:10.201-05:00  WARN 14020 --- [circleguard-notification-service] [ntainer#0-0-C-1] org.apache.kafka.clients.NetworkClient   : [Consumer clientId=consumer-notification-group-8, groupId=notification-group] Bootstrap broker localhost:9092 (id: -1 rack: null) disconnected
2026-05-14T21:10:10.369-05:00  INFO 14020 --- [circleguard-notification-service] [ntainer#1-0-C-1] org.apache.kafka.clients.NetworkClient   : [Consumer clientId=consumer-notification-group-9, groupId=notification-group] Node -1 disconnected.
2026-05-14T21:10:10.371-05:00  WARN 14020 --- [circleguard-notification-service] [ntainer#1-0-C-1] org.apache.kafka.clients.NetworkClient   : [Consumer clientId=consumer-notification-group-9, groupId=notification-group] Connection to node -1 (localhost/127.0.0.1:9092) could not be established. Broker may not be available.
2026-05-14T21:10:10.372-05:00  WARN 14020 --- [circleguard-notification-service] [ntainer#1-0-C-1] org.apache.kafka.clients.NetworkClient   : [Consumer clientId=consumer-notification-group-9, groupId=notification-group] Bootstrap broker localhost:9092 (id: -1 rack: null) disconnected
2026-05-14T21:10:10.384-05:00  INFO 14020 --- [circleguard-notification-service] [ntainer#0-0-C-1] org.apache.kafka.clients.NetworkClient   : [Consumer clientId=consumer-notification-group-5, groupId=notification-group] Node -1 disconnected.
2026-05-14T21:10:10.384-05:00  WARN 14020 --- [circleguard-notification-service] [ntainer#0-0-C-1] org.apache.kafka.clients.NetworkClient   : [Consumer clientId=consumer-notification-group-5, groupId=notification-group] Connection to node -1 (localhost/127.0.0.1:9092) could not be established. Broker may not be available.
2026-05-14T21:10:10.384-05:00  WARN 14020 --- [circleguard-notification-service] [ntainer#0-0-C-1] org.apache.kafka.clients.NetworkClient   : [Consumer clientId=consumer-notification-group-5, groupId=notification-group] Bootstrap broker localhost:9092 (id: -1 rack: null) disconnected
2026-05-14T21:10:10.422-05:00  INFO 14020 --- [circleguard-notification-service] [ntainer#1-0-C-1] org.apache.kafka.clients.NetworkClient   : [Consumer clientId=consumer-notification-group-3, groupId=notification-group] Node -1 disconnected.
2026-05-14T21:10:10.423-05:00  WARN 14020 --- [circleguard-notification-service] [ntainer#1-0-C-1] org.apache.kafka.clients.NetworkClient   : [Consumer clientId=consumer-notification-group-3, groupId=notification-group] Connection to node -1 (localhost/127.0.0.1:9092) could not be established. Broker may not be available.
2026-05-14T21:10:10.423-05:00  WARN 14020 --- [circleguard-notification-service] [ntainer#1-0-C-1] org.apache.kafka.clients.NetworkClient   : [Consumer clientId=consumer-notification-group-3, groupId=notification-group] Bootstrap broker localhost:9092 (id: -1 rack: null) disconnected
2026-05-14T21:10:10.591-05:00  INFO 14020 --- [circleguard-notification-service] [    Test worker] c.c.n.service.PriorityAlertListener      : Received alert.priority event: {"eventType":"CONFIRMED_CASE","affectedCount":1}
2026-05-14T21:10:10.593-05:00  INFO 14020 --- [circleguard-notification-service] [    Test worker] c.c.n.service.PriorityAlertListener      : Processing CONFIRMED_CASE Priority Alert. Affected: 1
2026-05-14T21:10:10.594-05:00  WARN 14020 --- [circleguard-notification-service] [    Test worker] c.c.n.service.PriorityAlertListener      : No administrators found with alert:receive_priority permission.
2026-05-14T21:10:10.606-05:00  INFO 14020 --- [circleguard-notification-service] [    Test worker] c.c.n.service.PriorityAlertListener      : Received alert.priority event: {"eventType":"CONFIRMED_CASE","affectedCount":1}
2026-05-14T21:10:10.607-05:00  INFO 14020 --- [circleguard-notification-service] [    Test worker] c.c.n.service.PriorityAlertListener      : Processing CONFIRMED_CASE Priority Alert. Affected: 1
2026-05-14T21:10:10.607-05:00  INFO 14020 --- [circleguard-notification-service] [    Test worker] c.c.n.service.PriorityAlertListener      : Dispatching priority alert to admin email: admin@university.edu
]]></system-out>
  <system-err><![CDATA[]]></system-err>
</testsuite>
