<?xml version="1.0" encoding="UTF-8"?>
<testsuite name="com.circleguard.notification.service.RoomReservationServiceTest" tests="1" skipped="0" failures="0" errors="0" timestamp="2026-05-15T03:54:05.977Z" hostname="JOSHY" time="0.005">
  <properties/>
  <testcase name="testCancelReservation()" classname="com.circleguard.notification.service.RoomReservationServiceTest" time="0.005"/>
  <system-out><![CDATA[2026-05-14T22:54:05.969-05:00  INFO 11104 --- [circleguard-notification-service] [    Test worker] t.c.s.AnnotationConfigContextLoaderUtils : Could not detect default configuration classes for test class [com.circleguard.notification.service.RoomReservationServiceTest]: RoomReservationServiceTest does not declare any static, non-private, non-final, nested classes annotated with @Configuration.
2026-05-14T22:54:05.971-05:00  INFO 11104 --- [circleguard-notification-service] [    Test worker] .b.t.c.SpringBootTestContextBootstrapper : Found @SpringBootConfiguration com.circleguard.notification.NotificationApplication for test class com.circleguard.notification.service.RoomReservationServiceTest
2026-05-14T22:54:05.979-05:00  INFO 11104 --- [circleguard-notification-service] [         task-2] c.c.n.s.RoomReservationServiceImpl       : Room Cancellation: Automatically releasing reservation for location loc-1 (Circle: circle-1) via API (https://facilities.university.edu/api/v1/rooms)
]]></system-out>
  <system-err><![CDATA[]]></system-err>
</testsuite>
