<?xml version="1.0" encoding="UTF-8"?>
<testsuite name="com.circleguard.notification.service.TemplateServiceTest" tests="4" skipped="0" failures="0" errors="0" timestamp="2026-05-15T03:54:05.989Z" hostname="JOSHY" time="0.14">
  <properties/>
  <testcase name="testSmsTemplateGeneration()" classname="com.circleguard.notification.service.TemplateServiceTest" time="0.01"/>
  <testcase name="testEmailTemplateGeneration()" classname="com.circleguard.notification.service.TemplateServiceTest" time="0.107"/>
  <testcase name="testPushTemplateGeneration()" classname="com.circleguard.notification.service.TemplateServiceTest" time="0.002"/>
  <testcase name="testPushMetadataGeneration()" classname="com.circleguard.notification.service.TemplateServiceTest" time="0.017"/>
  <system-out><![CDATA[2026-05-14T22:54:05.984-05:00  INFO 11104 --- [circleguard-notification-service] [    Test worker] t.c.s.AnnotationConfigContextLoaderUtils : Could not detect default configuration classes for test class [com.circleguard.notification.service.TemplateServiceTest]: TemplateServiceTest does not declare any static, non-private, non-final, nested classes annotated with @Configuration.
2026-05-14T22:54:05.986-05:00  INFO 11104 --- [circleguard-notification-service] [    Test worker] .b.t.c.SpringBootTestContextBootstrapper : Found @SpringBootConfiguration com.circleguard.notification.NotificationApplication for test class com.circleguard.notification.service.TemplateServiceTest
]]></system-out>
  <system-err><![CDATA[]]></system-err>
</testsuite>
