<?xml version="1.0" encoding="UTF-8"?>
<testsuite name="com.circleguard.notification.service.TemplateServiceTest" tests="4" skipped="0" failures="0" errors="0" timestamp="2026-05-15T02:10:10.637Z" hostname="JOSHY" time="0.354">
  <properties/>
  <testcase name="testSmsTemplateGeneration()" classname="com.circleguard.notification.service.TemplateServiceTest" time="0.015"/>
  <testcase name="testEmailTemplateGeneration()" classname="com.circleguard.notification.service.TemplateServiceTest" time="0.265"/>
  <testcase name="testPushTemplateGeneration()" classname="com.circleguard.notification.service.TemplateServiceTest" time="0.015"/>
  <testcase name="testPushMetadataGeneration()" classname="com.circleguard.notification.service.TemplateServiceTest" time="0.047"/>
  <system-out><![CDATA[2026-05-14T21:10:10.632-05:00  INFO 14020 --- [circleguard-notification-service] [    Test worker] t.c.s.AnnotationConfigContextLoaderUtils : Could not detect default configuration classes for test class [com.circleguard.notification.service.TemplateServiceTest]: TemplateServiceTest does not declare any static, non-private, non-final, nested classes annotated with @Configuration.
2026-05-14T21:10:10.633-05:00  INFO 14020 --- [circleguard-notification-service] [    Test worker] .b.t.c.SpringBootTestContextBootstrapper : Found @SpringBootConfiguration com.circleguard.notification.NotificationApplication for test class com.circleguard.notification.service.TemplateServiceTest
2026-05-14T21:10:10.643-05:00  INFO 14020 --- [circleguard-notification-service] [ntainer#2-0-C-1] org.apache.kafka.clients.NetworkClient   : [Consumer clientId=consumer-notification-priority-group-10, groupId=notification-priority-group] Node -1 disconnected.
2026-05-14T21:10:10.644-05:00  WARN 14020 --- [circleguard-notification-service] [ntainer#2-0-C-1] org.apache.kafka.clients.NetworkClient   : [Consumer clientId=consumer-notification-priority-group-10, groupId=notification-priority-group] Connection to node -1 (localhost/127.0.0.1:9092) could not be established. Broker may not be available.
2026-05-14T21:10:10.644-05:00  WARN 14020 --- [circleguard-notification-service] [ntainer#2-0-C-1] org.apache.kafka.clients.NetworkClient   : [Consumer clientId=consumer-notification-priority-group-10, groupId=notification-priority-group] Bootstrap broker localhost:9092 (id: -1 rack: null) disconnected
2026-05-14T21:10:10.668-05:00  INFO 14020 --- [circleguard-notification-service] [ntainer#0-0-C-1] org.apache.kafka.clients.NetworkClient   : [Consumer clientId=consumer-notification-group-2, groupId=notification-group] Node -1 disconnected.
2026-05-14T21:10:10.668-05:00  WARN 14020 --- [circleguard-notification-service] [ntainer#0-0-C-1] org.apache.kafka.clients.NetworkClient   : [Consumer clientId=consumer-notification-group-2, groupId=notification-group] Connection to node -1 (localhost/127.0.0.1:9092) could not be established. Broker may not be available.
2026-05-14T21:10:10.670-05:00  WARN 14020 --- [circleguard-notification-service] [ntainer#0-0-C-1] org.apache.kafka.clients.NetworkClient   : [Consumer clientId=consumer-notification-group-2, groupId=notification-group] Bootstrap broker localhost:9092 (id: -1 rack: null) disconnected
2026-05-14T21:10:10.736-05:00  INFO 14020 --- [circleguard-notification-service] [ntainer#2-0-C-1] org.apache.kafka.clients.NetworkClient   : [Consumer clientId=consumer-notification-priority-group-4, groupId=notification-priority-group] Node -1 disconnected.
2026-05-14T21:10:10.736-05:00  WARN 14020 --- [circleguard-notification-service] [ntainer#2-0-C-1] org.apache.kafka.clients.NetworkClient   : [Consumer clientId=consumer-notification-priority-group-4, groupId=notification-priority-group] Connection to node -1 (localhost/127.0.0.1:9092) could not be established. Broker may not be available.
2026-05-14T21:10:10.736-05:00  WARN 14020 --- [circleguard-notification-service] [ntainer#2-0-C-1] org.apache.kafka.clients.NetworkClient   : [Consumer clientId=consumer-notification-priority-group-4, groupId=notification-priority-group] Bootstrap broker localhost:9092 (id: -1 rack: null) disconnected
2026-05-14T21:10:10.901-05:00  INFO 14020 --- [circleguard-notification-service] [ntainer#2-0-C-1] org.apache.kafka.clients.NetworkClient   : [Consumer clientId=consumer-notification-priority-group-1, groupId=notification-priority-group] Node -1 disconnected.
2026-05-14T21:10:10.901-05:00  WARN 14020 --- [circleguard-notification-service] [ntainer#2-0-C-1] org.apache.kafka.clients.NetworkClient   : [Consumer clientId=consumer-notification-priority-group-1, groupId=notification-priority-group] Connection to node -1 (localhost/127.0.0.1:9092) could not be established. Broker may not be available.
2026-05-14T21:10:10.902-05:00  WARN 14020 --- [circleguard-notification-service] [ntainer#2-0-C-1] org.apache.kafka.clients.NetworkClient   : [Consumer clientId=consumer-notification-priority-group-1, groupId=notification-priority-group] Bootstrap broker localhost:9092 (id: -1 rack: null) disconnected
]]></system-out>
  <system-err><![CDATA[]]></system-err>
</testsuite>
